<?xml version="1.0" encoding="UTF-8"?>
<testng-results ignored="0" total="1" passed="1" failed="0" skipped="0">
  <reporter-output>
  </reporter-output>
  <suite started-at="2020-05-19T22:12:18 PDT" name="Default suite" finished-at="2020-05-19T22:12:30 PDT" duration-ms="12078">
    <groups>
    </groups>
    <test started-at="2020-05-19T22:12:18 PDT" name="Default test" finished-at="2020-05-19T22:12:30 PDT" duration-ms="12078">
      <class name="webtable.DynamicTable">
        <test-method is-config="true" signature="beforeTest()[pri:0, instance:webtable.DynamicTable@43ee72e6]" started-at="2020-05-19T22:12:18 PDT" name="beforeTest" finished-at="2020-05-19T22:12:27 PDT" duration-ms="8573" status="PASS">
          <reporter-output>
          </reporter-output>
        </test-method> <!-- beforeTest -->
        <test-method signature="example()[pri:0, instance:webtable.DynamicTable@43ee72e6]" started-at="2020-05-19T22:12:27 PDT" name="example" finished-at="2020-05-19T22:12:30 PDT" duration-ms="3475" status="PASS">
          <reporter-output>
          </reporter-output>
        </test-method> <!-- example -->
        <test-method is-config="true" signature="afterTest()[pri:0, instance:webtable.DynamicTable@43ee72e6]" started-at="2020-05-19T22:12:30 PDT" name="afterTest" finished-at="2020-05-19T22:12:30 PDT" duration-ms="0" status="PASS">
          <reporter-output>
          </reporter-output>
        </test-method> <!-- afterTest -->
      </class> <!-- webtable.DynamicTable -->
    </test> <!-- Default test -->
  </suite> <!-- Default suite -->
</testng-results>
